logging improved.
[2024-09-16 20:02:51,192] [INFO] [real_accelerator.py:161:get_accelerator] Setting ds_accelerator to cuda (auto detect)
2024-09-16 20:02:51.879601: I tensorflow/core/util/port.cc:111] oneDNN custom operations are on. You may see slightly different numerical results due to floating-point round-off errors from different computation orders. To turn them off, set the environment variable `TF_ENABLE_ONEDNN_OPTS=0`.
2024-09-16 20:02:51.883601: I tensorflow/tsl/cuda/cudart_stub.cc:28] Could not find cuda drivers on your machine, GPU will not be used.
2024-09-16 20:02:51.928417: E tensorflow/compiler/xla/stream_executor/cuda/cuda_dnn.cc:9342] Unable to register cuDNN factory: Attempting to register factory for plugin cuDNN when one has already been registered
2024-09-16 20:02:51.928449: E tensorflow/compiler/xla/stream_executor/cuda/cuda_fft.cc:609] Unable to register cuFFT factory: Attempting to register factory for plugin cuFFT when one has already been registered
2024-09-16 20:02:51.928468: E tensorflow/compiler/xla/stream_executor/cuda/cuda_blas.cc:1518] Unable to register cuBLAS factory: Attempting to register factory for plugin cuBLAS when one has already been registered
2024-09-16 20:02:51.935875: I tensorflow/tsl/cuda/cudart_stub.cc:28] Could not find cuda drivers on your machine, GPU will not be used.
2024-09-16 20:02:51.936185: I tensorflow/core/platform/cpu_feature_guard.cc:182] This TensorFlow binary is optimized to use available CPU instructions in performance-critical operations.
To enable the following instructions: AVX2 AVX512F AVX512_VNNI FMA, in other operations, rebuild TensorFlow with the appropriate compiler flags.
2024-09-16 20:02:53.207914: W tensorflow/compiler/tf2tensorrt/utils/py_utils.cc:38] TF-TRT Warning: Could not find TensorRT
ControlLDM: Running in eps-prediction mode
Setting up MemoryEfficientCrossAttention. Query dim is 320, context_dim is None and using 8 heads.
Setting up MemoryEfficientCrossAttention. Query dim is 320, context_dim is 768 and using 8 heads.
Setting up MemoryEfficientCrossAttention. Query dim is 320, context_dim is None and using 8 heads.
Setting up MemoryEfficientCrossAttention. Query dim is 320, context_dim is 768 and using 8 heads.
Setting up MemoryEfficientCrossAttention. Query dim is 640, context_dim is None and using 8 heads.
Setting up MemoryEfficientCrossAttention. Query dim is 640, context_dim is 768 and using 8 heads.
Setting up MemoryEfficientCrossAttention. Query dim is 640, context_dim is None and using 8 heads.
Setting up MemoryEfficientCrossAttention. Query dim is 640, context_dim is 768 and using 8 heads.
Setting up MemoryEfficientCrossAttention. Query dim is 1280, context_dim is None and using 8 heads.
Setting up MemoryEfficientCrossAttention. Query dim is 1280, context_dim is 768 and using 8 heads.
Setting up MemoryEfficientCrossAttention. Query dim is 1280, context_dim is None and using 8 heads.
Setting up MemoryEfficientCrossAttention. Query dim is 1280, context_dim is 768 and using 8 heads.
Setting up MemoryEfficientCrossAttention. Query dim is 1280, context_dim is None and using 8 heads.
Setting up MemoryEfficientCrossAttention. Query dim is 1280, context_dim is 768 and using 8 heads.
Setting up MemoryEfficientCrossAttention. Query dim is 1280, context_dim is None and using 8 heads.
Setting up MemoryEfficientCrossAttention. Query dim is 1280, context_dim is 768 and using 8 heads.
Setting up MemoryEfficientCrossAttention. Query dim is 1280, context_dim is None and using 8 heads.
Setting up MemoryEfficientCrossAttention. Query dim is 1280, context_dim is 768 and using 8 heads.
Setting up MemoryEfficientCrossAttention. Query dim is 1280, context_dim is None and using 8 heads.
Setting up MemoryEfficientCrossAttention. Query dim is 1280, context_dim is 768 and using 8 heads.
Setting up MemoryEfficientCrossAttention. Query dim is 640, context_dim is None and using 8 heads.
Setting up MemoryEfficientCrossAttention. Query dim is 640, context_dim is 768 and using 8 heads.
Setting up MemoryEfficientCrossAttention. Query dim is 640, context_dim is None and using 8 heads.
Setting up MemoryEfficientCrossAttention. Query dim is 640, context_dim is 768 and using 8 heads.
Setting up MemoryEfficientCrossAttention. Query dim is 640, context_dim is None and using 8 heads.
Setting up MemoryEfficientCrossAttention. Query dim is 640, context_dim is 768 and using 8 heads.
Setting up MemoryEfficientCrossAttention. Query dim is 320, context_dim is None and using 8 heads.
Setting up MemoryEfficientCrossAttention. Query dim is 320, context_dim is 768 and using 8 heads.
Setting up MemoryEfficientCrossAttention. Query dim is 320, context_dim is None and using 8 heads.
Setting up MemoryEfficientCrossAttention. Query dim is 320, context_dim is 768 and using 8 heads.
Setting up MemoryEfficientCrossAttention. Query dim is 320, context_dim is None and using 8 heads.
Setting up MemoryEfficientCrossAttention. Query dim is 320, context_dim is 768 and using 8 heads.
DiffusionWrapper has 859.52 M params.
making attention of type 'vanilla-xformers' with 512 in_channels
building MemoryEfficientAttnBlock with 512 in_channels...
Working with z of shape (1, 4, 32, 32) = 4096 dimensions.
making attention of type 'vanilla-xformers' with 512 in_channels
building MemoryEfficientAttnBlock with 512 in_channels...
Setting up MemoryEfficientCrossAttention. Query dim is 320, context_dim is None and using 8 heads.
Setting up MemoryEfficientCrossAttention. Query dim is 320, context_dim is 768 and using 8 heads.
Setting up MemoryEfficientCrossAttention. Query dim is 320, context_dim is None and using 8 heads.
Setting up MemoryEfficientCrossAttention. Query dim is 320, context_dim is 768 and using 8 heads.
Setting up MemoryEfficientCrossAttention. Query dim is 640, context_dim is None and using 8 heads.
Setting up MemoryEfficientCrossAttention. Query dim is 640, context_dim is 768 and using 8 heads.
Setting up MemoryEfficientCrossAttention. Query dim is 640, context_dim is None and using 8 heads.
Setting up MemoryEfficientCrossAttention. Query dim is 640, context_dim is 768 and using 8 heads.
Setting up MemoryEfficientCrossAttention. Query dim is 1280, context_dim is None and using 8 heads.
Setting up MemoryEfficientCrossAttention. Query dim is 1280, context_dim is 768 and using 8 heads.
Setting up MemoryEfficientCrossAttention. Query dim is 1280, context_dim is None and using 8 heads.
Setting up MemoryEfficientCrossAttention. Query dim is 1280, context_dim is 768 and using 8 heads.
Setting up MemoryEfficientCrossAttention. Query dim is 1280, context_dim is None and using 8 heads.
Setting up MemoryEfficientCrossAttention. Query dim is 1280, context_dim is 768 and using 8 heads.
Loaded model config from [./models/cldm_v15.yaml]
ControlLDM(
  (model): DiffusionWrapper(
    (diffusion_model): ControlledUnetModel(
      (time_embed): Sequential(
        (0): Linear(in_features=320, out_features=1280, bias=True)
        (1): SiLU()
        (2): Linear(in_features=1280, out_features=1280, bias=True)
      )
      (input_blocks): ModuleList(
        (0): TimestepEmbedSequential(
          (0): Conv2d(4, 320, kernel_size=(3, 3), stride=(1, 1), padding=(1, 1))
        )
        (1-2): 2 x TimestepEmbedSequential(
          (0): ResBlock(
            (in_layers): Sequential(
              (0): GroupNorm32(32, 320, eps=1e-05, affine=True)
              (1): SiLU()
              (2): Conv2d(320, 320, kernel_size=(3, 3), stride=(1, 1), padding=(1, 1))
            )
            (h_upd): Identity()
            (x_upd): Identity()
            (emb_layers): Sequential(
              (0): SiLU()
              (1): Linear(in_features=1280, out_features=320, bias=True)
            )
            (out_layers): Sequential(
              (0): GroupNorm32(32, 320, eps=1e-05, affine=True)
              (1): SiLU()
              (2): Dropout(p=0, inplace=False)
              (3): Conv2d(320, 320, kernel_size=(3, 3), stride=(1, 1), padding=(1, 1))
            )
            (skip_connection): Identity()
          )
          (1): SpatialTransformer(
            (norm): GroupNorm(32, 320, eps=1e-06, affine=True)
            (proj_in): Conv2d(320, 320, kernel_size=(1, 1), stride=(1, 1))
            (transformer_blocks): ModuleList(
              (0): BasicTransformerBlock(
                (attn1): MemoryEfficientCrossAttention(
                  (to_q): Linear(in_features=320, out_features=320, bias=False)
                  (to_k): Linear(in_features=320, out_features=320, bias=False)
                  (to_v): Linear(in_features=320, out_features=320, bias=False)
                  (to_out): Sequential(
                    (0): Linear(in_features=320, out_features=320, bias=True)
                    (1): Dropout(p=0.0, inplace=False)
                  )
                )
                (ff): FeedForward(
                  (net): Sequential(
                    (0): GEGLU(
                      (proj): Linear(in_features=320, out_features=2560, bias=True)
                    )
                    (1): Dropout(p=0.0, inplace=False)
                    (2): Linear(in_features=1280, out_features=320, bias=True)
                  )
                )
                (attn2): MemoryEfficientCrossAttention(
                  (to_q): Linear(in_features=320, out_features=320, bias=False)
                  (to_k): Linear(in_features=768, out_features=320, bias=False)
                  (to_v): Linear(in_features=768, out_features=320, bias=False)
                  (to_out): Sequential(
                    (0): Linear(in_features=320, out_features=320, bias=True)
                    (1): Dropout(p=0.0, inplace=False)
                  )
                )
                (norm1): LayerNorm((320,), eps=1e-05, elementwise_affine=True)
                (norm2): LayerNorm((320,), eps=1e-05, elementwise_affine=True)
                (norm3): LayerNorm((320,), eps=1e-05, elementwise_affine=True)
              )
            )
            (proj_out): Conv2d(320, 320, kernel_size=(1, 1), stride=(1, 1))
          )
        )
        (3): TimestepEmbedSequential(
          (0): Downsample(
            (op): Conv2d(320, 320, kernel_size=(3, 3), stride=(2, 2), padding=(1, 1))
          )
        )
        (4): TimestepEmbedSequential(
          (0): ResBlock(
            (in_layers): Sequential(
              (0): GroupNorm32(32, 320, eps=1e-05, affine=True)
              (1): SiLU()
              (2): Conv2d(320, 640, kernel_size=(3, 3), stride=(1, 1), padding=(1, 1))
            )
            (h_upd): Identity()
            (x_upd): Identity()
            (emb_layers): Sequential(
              (0): SiLU()
              (1): Linear(in_features=1280, out_features=640, bias=True)
            )
            (out_layers): Sequential(
              (0): GroupNorm32(32, 640, eps=1e-05, affine=True)
              (1): SiLU()
              (2): Dropout(p=0, inplace=False)
              (3): Conv2d(640, 640, kernel_size=(3, 3), stride=(1, 1), padding=(1, 1))
            )
            (skip_connection): Conv2d(320, 640, kernel_size=(1, 1), stride=(1, 1))
          )
          (1): SpatialTransformer(
            (norm): GroupNorm(32, 640, eps=1e-06, affine=True)
            (proj_in): Conv2d(640, 640, kernel_size=(1, 1), stride=(1, 1))
            (transformer_blocks): ModuleList(
              (0): BasicTransformerBlock(
                (attn1): MemoryEfficientCrossAttention(
                  (to_q): Linear(in_features=640, out_features=640, bias=False)
                  (to_k): Linear(in_features=640, out_features=640, bias=False)
                  (to_v): Linear(in_features=640, out_features=640, bias=False)
                  (to_out): Sequential(
                    (0): Linear(in_features=640, out_features=640, bias=True)
                    (1): Dropout(p=0.0, inplace=False)
                  )
                )
                (ff): FeedForward(
                  (net): Sequential(
                    (0): GEGLU(
                      (proj): Linear(in_features=640, out_features=5120, bias=True)
                    )
                    (1): Dropout(p=0.0, inplace=False)
                    (2): Linear(in_features=2560, out_features=640, bias=True)
                  )
                )
                (attn2): MemoryEfficientCrossAttention(
                  (to_q): Linear(in_features=640, out_features=640, bias=False)
                  (to_k): Linear(in_features=768, out_features=640, bias=False)
                  (to_v): Linear(in_features=768, out_features=640, bias=False)
                  (to_out): Sequential(
                    (0): Linear(in_features=640, out_features=640, bias=True)
                    (1): Dropout(p=0.0, inplace=False)
                  )
                )
                (norm1): LayerNorm((640,), eps=1e-05, elementwise_affine=True)
                (norm2): LayerNorm((640,), eps=1e-05, elementwise_affine=True)
                (norm3): LayerNorm((640,), eps=1e-05, elementwise_affine=True)
              )
            )
            (proj_out): Conv2d(640, 640, kernel_size=(1, 1), stride=(1, 1))
          )
        )
        (5): TimestepEmbedSequential(
          (0): ResBlock(
            (in_layers): Sequential(
              (0): GroupNorm32(32, 640, eps=1e-05, affine=True)
              (1): SiLU()
              (2): Conv2d(640, 640, kernel_size=(3, 3), stride=(1, 1), padding=(1, 1))
            )
            (h_upd): Identity()
            (x_upd): Identity()
            (emb_layers): Sequential(
              (0): SiLU()
              (1): Linear(in_features=1280, out_features=640, bias=True)
            )
            (out_layers): Sequential(
              (0): GroupNorm32(32, 640, eps=1e-05, affine=True)
              (1): SiLU()
              (2): Dropout(p=0, inplace=False)
              (3): Conv2d(640, 640, kernel_size=(3, 3), stride=(1, 1), padding=(1, 1))
            )
            (skip_connection): Identity()
          )
          (1): SpatialTransformer(
            (norm): GroupNorm(32, 640, eps=1e-06, affine=True)
            (proj_in): Conv2d(640, 640, kernel_size=(1, 1), stride=(1, 1))
            (transformer_blocks): ModuleList(
              (0): BasicTransformerBlock(
                (attn1): MemoryEfficientCrossAttention(
                  (to_q): Linear(in_features=640, out_features=640, bias=False)
                  (to_k): Linear(in_features=640, out_features=640, bias=False)
                  (to_v): Linear(in_features=640, out_features=640, bias=False)
                  (to_out): Sequential(
                    (0): Linear(in_features=640, out_features=640, bias=True)
                    (1): Dropout(p=0.0, inplace=False)
                  )
                )
                (ff): FeedForward(
                  (net): Sequential(
                    (0): GEGLU(
                      (proj): Linear(in_features=640, out_features=5120, bias=True)
                    )
                    (1): Dropout(p=0.0, inplace=False)
                    (2): Linear(in_features=2560, out_features=640, bias=True)
                  )
                )
                (attn2): MemoryEfficientCrossAttention(
                  (to_q): Linear(in_features=640, out_features=640, bias=False)
                  (to_k): Linear(in_features=768, out_features=640, bias=False)
                  (to_v): Linear(in_features=768, out_features=640, bias=False)
                  (to_out): Sequential(
                    (0): Linear(in_features=640, out_features=640, bias=True)
                    (1): Dropout(p=0.0, inplace=False)
                  )
                )
                (norm1): LayerNorm((640,), eps=1e-05, elementwise_affine=True)
                (norm2): LayerNorm((640,), eps=1e-05, elementwise_affine=True)
                (norm3): LayerNorm((640,), eps=1e-05, elementwise_affine=True)
              )
            )
            (proj_out): Conv2d(640, 640, kernel_size=(1, 1), stride=(1, 1))
          )
        )
        (6): TimestepEmbedSequential(
          (0): Downsample(
            (op): Conv2d(640, 640, kernel_size=(3, 3), stride=(2, 2), padding=(1, 1))
          )
        )
        (7): TimestepEmbedSequential(
          (0): ResBlock(
            (in_layers): Sequential(
              (0): GroupNorm32(32, 640, eps=1e-05, affine=True)
              (1): SiLU()
              (2): Conv2d(640, 1280, kernel_size=(3, 3), stride=(1, 1), padding=(1, 1))
            )
            (h_upd): Identity()
            (x_upd): Identity()
            (emb_layers): Sequential(
              (0): SiLU()
              (1): Linear(in_features=1280, out_features=1280, bias=True)
            )
            (out_layers): Sequential(
              (0): GroupNorm32(32, 1280, eps=1e-05, affine=True)
              (1): SiLU()
              (2): Dropout(p=0, inplace=False)
              (3): Conv2d(1280, 1280, kernel_size=(3, 3), stride=(1, 1), padding=(1, 1))
            )
            (skip_connection): Conv2d(640, 1280, kernel_size=(1, 1), stride=(1, 1))
          )
          (1): SpatialTransformer(
            (norm): GroupNorm(32, 1280, eps=1e-06, affine=True)
            (proj_in): Conv2d(1280, 1280, kernel_size=(1, 1), stride=(1, 1))
            (transformer_blocks): ModuleList(
              (0): BasicTransformerBlock(
                (attn1): MemoryEfficientCrossAttention(
                  (to_q): Linear(in_features=1280, out_features=1280, bias=False)
                  (to_k): Linear(in_features=1280, out_features=1280, bias=False)
                  (to_v): Linear(in_features=1280, out_features=1280, bias=False)
                  (to_out): Sequential(
                    (0): Linear(in_features=1280, out_features=1280, bias=True)
                    (1): Dropout(p=0.0, inplace=False)
                  )
                )
                (ff): FeedForward(
                  (net): Sequential(
                    (0): GEGLU(
                      (proj): Linear(in_features=1280, out_features=10240, bias=True)
                    )
                    (1): Dropout(p=0.0, inplace=False)
                    (2): Linear(in_features=5120, out_features=1280, bias=True)
                  )
                )
                (attn2): MemoryEfficientCrossAttention(
                  (to_q): Linear(in_features=1280, out_features=1280, bias=False)
                  (to_k): Linear(in_features=768, out_features=1280, bias=False)
                  (to_v): Linear(in_features=768, out_features=1280, bias=False)
                  (to_out): Sequential(
                    (0): Linear(in_features=1280, out_features=1280, bias=True)
                    (1): Dropout(p=0.0, inplace=False)
                  )
                )
                (norm1): LayerNorm((1280,), eps=1e-05, elementwise_affine=True)
                (norm2): LayerNorm((1280,), eps=1e-05, elementwise_affine=True)
                (norm3): LayerNorm((1280,), eps=1e-05, elementwise_affine=True)
              )
            )
            (proj_out): Conv2d(1280, 1280, kernel_size=(1, 1), stride=(1, 1))
          )
        )
        (8): TimestepEmbedSequential(
          (0): ResBlock(
            (in_layers): Sequential(
              (0): GroupNorm32(32, 1280, eps=1e-05, affine=True)
              (1): SiLU()
              (2): Conv2d(1280, 1280, kernel_size=(3, 3), stride=(1, 1), padding=(1, 1))
            )
            (h_upd): Identity()
            (x_upd): Identity()
            (emb_layers): Sequential(
              (0): SiLU()
              (1): Linear(in_features=1280, out_features=1280, bias=True)
            )
            (out_layers): Sequential(
              (0): GroupNorm32(32, 1280, eps=1e-05, affine=True)
              (1): SiLU()
              (2): Dropout(p=0, inplace=False)
              (3): Conv2d(1280, 1280, kernel_size=(3, 3), stride=(1, 1), padding=(1, 1))
            )
            (skip_connection): Identity()
          )
          (1): SpatialTransformer(
            (norm): GroupNorm(32, 1280, eps=1e-06, affine=True)
            (proj_in): Conv2d(1280, 1280, kernel_size=(1, 1), stride=(1, 1))
            (transformer_blocks): ModuleList(
              (0): BasicTransformerBlock(
                (attn1): MemoryEfficientCrossAttention(
                  (to_q): Linear(in_features=1280, out_features=1280, bias=False)
                  (to_k): Linear(in_features=1280, out_features=1280, bias=False)
                  (to_v): Linear(in_features=1280, out_features=1280, bias=False)
                  (to_out): Sequential(
                    (0): Linear(in_features=1280, out_features=1280, bias=True)
                    (1): Dropout(p=0.0, inplace=False)
                  )
                )
                (ff): FeedForward(
                  (net): Sequential(
                    (0): GEGLU(
                      (proj): Linear(in_features=1280, out_features=10240, bias=True)
                    )
                    (1): Dropout(p=0.0, inplace=False)
                    (2): Linear(in_features=5120, out_features=1280, bias=True)
                  )
                )
                (attn2): MemoryEfficientCrossAttention(
                  (to_q): Linear(in_features=1280, out_features=1280, bias=False)
                  (to_k): Linear(in_features=768, out_features=1280, bias=False)
                  (to_v): Linear(in_features=768, out_features=1280, bias=False)
                  (to_out): Sequential(
                    (0): Linear(in_features=1280, out_features=1280, bias=True)
                    (1): Dropout(p=0.0, inplace=False)
                  )
                )
                (norm1): LayerNorm((1280,), eps=1e-05, elementwise_affine=True)
                (norm2): LayerNorm((1280,), eps=1e-05, elementwise_affine=True)
                (norm3): LayerNorm((1280,), eps=1e-05, elementwise_affine=True)
              )
            )
            (proj_out): Conv2d(1280, 1280, kernel_size=(1, 1), stride=(1, 1))
          )
        )
        (9): TimestepEmbedSequential(
          (0): Downsample(
            (op): Conv2d(1280, 1280, kernel_size=(3, 3), stride=(2, 2), padding=(1, 1))
          )
        )
        (10-11): 2 x TimestepEmbedSequential(
          (0): ResBlock(
            (in_layers): Sequential(
              (0): GroupNorm32(32, 1280, eps=1e-05, affine=True)
              (1): SiLU()
              (2): Conv2d(1280, 1280, kernel_size=(3, 3), stride=(1, 1), padding=(1, 1))
            )
            (h_upd): Identity()
            (x_upd): Identity()
            (emb_layers): Sequential(
              (0): SiLU()
              (1): Linear(in_features=1280, out_features=1280, bias=True)
            )
            (out_layers): Sequential(
              (0): GroupNorm32(32, 1280, eps=1e-05, affine=True)
              (1): SiLU()
              (2): Dropout(p=0, inplace=False)
              (3): Conv2d(1280, 1280, kernel_size=(3, 3), stride=(1, 1), padding=(1, 1))
            )
            (skip_connection): Identity()
          )
        )
      )
      (middle_block): TimestepEmbedSequential(
        (0): ResBlock(
          (in_layers): Sequential(
            (0): GroupNorm32(32, 1280, eps=1e-05, affine=True)
            (1): SiLU()
            (2): Conv2d(1280, 1280, kernel_size=(3, 3), stride=(1, 1), padding=(1, 1))
          )
          (h_upd): Identity()
          (x_upd): Identity()
          (emb_layers): Sequential(
            (0): SiLU()
            (1): Linear(in_features=1280, out_features=1280, bias=True)
          )
          (out_layers): Sequential(
            (0): GroupNorm32(32, 1280, eps=1e-05, affine=True)
            (1): SiLU()
            (2): Dropout(p=0, inplace=False)
            (3): Conv2d(1280, 1280, kernel_size=(3, 3), stride=(1, 1), padding=(1, 1))
          )
          (skip_connection): Identity()
        )
        (1): SpatialTransformer(
          (norm): GroupNorm(32, 1280, eps=1e-06, affine=True)
          (proj_in): Conv2d(1280, 1280, kernel_size=(1, 1), stride=(1, 1))
          (transformer_blocks): ModuleList(
            (0): BasicTransformerBlock(
              (attn1): MemoryEfficientCrossAttention(
                (to_q): Linear(in_features=1280, out_features=1280, bias=False)
                (to_k): Linear(in_features=1280, out_features=1280, bias=False)
                (to_v): Linear(in_features=1280, out_features=1280, bias=False)
                (to_out): Sequential(
                  (0): Linear(in_features=1280, out_features=1280, bias=True)
                  (1): Dropout(p=0.0, inplace=False)
                )
              )
              (ff): FeedForward(
                (net): Sequential(
                  (0): GEGLU(
                    (proj): Linear(in_features=1280, out_features=10240, bias=True)
                  )
                  (1): Dropout(p=0.0, inplace=False)
                  (2): Linear(in_features=5120, out_features=1280, bias=True)
                )
              )
              (attn2): MemoryEfficientCrossAttention(
                (to_q): Linear(in_features=1280, out_features=1280, bias=False)
                (to_k): Linear(in_features=768, out_features=1280, bias=False)
                (to_v): Linear(in_features=768, out_features=1280, bias=False)
                (to_out): Sequential(
                  (0): Linear(in_features=1280, out_features=1280, bias=True)
                  (1): Dropout(p=0.0, inplace=False)
                )
              )
              (norm1): LayerNorm((1280,), eps=1e-05, elementwise_affine=True)
              (norm2): LayerNorm((1280,), eps=1e-05, elementwise_affine=True)
              (norm3): LayerNorm((1280,), eps=1e-05, elementwise_affine=True)
            )
          )
          (proj_out): Conv2d(1280, 1280, kernel_size=(1, 1), stride=(1, 1))
        )
        (2): ResBlock(
          (in_layers): Sequential(
            (0): GroupNorm32(32, 1280, eps=1e-05, affine=True)
            (1): SiLU()
            (2): Conv2d(1280, 1280, kernel_size=(3, 3), stride=(1, 1), padding=(1, 1))
          )
          (h_upd): Identity()
          (x_upd): Identity()
          (emb_layers): Sequential(
            (0): SiLU()
            (1): Linear(in_features=1280, out_features=1280, bias=True)
          )
          (out_layers): Sequential(
            (0): GroupNorm32(32, 1280, eps=1e-05, affine=True)
            (1): SiLU()
            (2): Dropout(p=0, inplace=False)
            (3): Conv2d(1280, 1280, kernel_size=(3, 3), stride=(1, 1), padding=(1, 1))
          )
          (skip_connection): Identity()
        )
      )
      (output_blocks): ModuleList(
        (0-1): 2 x TimestepEmbedSequential(
          (0): ResBlock(
            (in_layers): Sequential(
              (0): GroupNorm32(32, 2560, eps=1e-05, affine=True)
              (1): SiLU()
              (2): Conv2d(2560, 1280, kernel_size=(3, 3), stride=(1, 1), padding=(1, 1))
            )
            (h_upd): Identity()
            (x_upd): Identity()
            (emb_layers): Sequential(
              (0): SiLU()
              (1): Linear(in_features=1280, out_features=1280, bias=True)
            )
            (out_layers): Sequential(
              (0): GroupNorm32(32, 1280, eps=1e-05, affine=True)
              (1): SiLU()
              (2): Dropout(p=0, inplace=False)
              (3): Conv2d(1280, 1280, kernel_size=(3, 3), stride=(1, 1), padding=(1, 1))
            )
            (skip_connection): Conv2d(2560, 1280, kernel_size=(1, 1), stride=(1, 1))
          )
        )
        (2): TimestepEmbedSequential(
          (0): ResBlock(
            (in_layers): Sequential(
              (0): GroupNorm32(32, 2560, eps=1e-05, affine=True)
              (1): SiLU()
              (2): Conv2d(2560, 1280, kernel_size=(3, 3), stride=(1, 1), padding=(1, 1))
            )
            (h_upd): Identity()
            (x_upd): Identity()
            (emb_layers): Sequential(
              (0): SiLU()
              (1): Linear(in_features=1280, out_features=1280, bias=True)
            )
            (out_layers): Sequential(
              (0): GroupNorm32(32, 1280, eps=1e-05, affine=True)
              (1): SiLU()
              (2): Dropout(p=0, inplace=False)
              (3): Conv2d(1280, 1280, kernel_size=(3, 3), stride=(1, 1), padding=(1, 1))
            )
            (skip_connection): Conv2d(2560, 1280, kernel_size=(1, 1), stride=(1, 1))
          )
          (1): Upsample(
            (conv): Conv2d(1280, 1280, kernel_size=(3, 3), stride=(1, 1), padding=(1, 1))
          )
        )
        (3-4): 2 x TimestepEmbedSequential(
          (0): ResBlock(
            (in_layers): Sequential(
              (0): GroupNorm32(32, 2560, eps=1e-05, affine=True)
              (1): SiLU()
              (2): Conv2d(2560, 1280, kernel_size=(3, 3), stride=(1, 1), padding=(1, 1))
            )
            (h_upd): Identity()
            (x_upd): Identity()
            (emb_layers): Sequential(
              (0): SiLU()
              (1): Linear(in_features=1280, out_features=1280, bias=True)
            )
            (out_layers): Sequential(
              (0): GroupNorm32(32, 1280, eps=1e-05, affine=True)
              (1): SiLU()
              (2): Dropout(p=0, inplace=False)
              (3): Conv2d(1280, 1280, kernel_size=(3, 3), stride=(1, 1), padding=(1, 1))
            )
            (skip_connection): Conv2d(2560, 1280, kernel_size=(1, 1), stride=(1, 1))
          )
          (1): SpatialTransformer(
            (norm): GroupNorm(32, 1280, eps=1e-06, affine=True)
            (proj_in): Conv2d(1280, 1280, kernel_size=(1, 1), stride=(1, 1))
            (transformer_blocks): ModuleList(
              (0): BasicTransformerBlock(
                (attn1): MemoryEfficientCrossAttention(
                  (to_q): Linear(in_features=1280, out_features=1280, bias=False)
                  (to_k): Linear(in_features=1280, out_features=1280, bias=False)
                  (to_v): Linear(in_features=1280, out_features=1280, bias=False)
                  (to_out): Sequential(
                    (0): Linear(in_features=1280, out_features=1280, bias=True)
                    (1): Dropout(p=0.0, inplace=False)
                  )
                )
                (ff): FeedForward(
                  (net): Sequential(
                    (0): GEGLU(
                      (proj): Linear(in_features=1280, out_features=10240, bias=True)
                    )
                    (1): Dropout(p=0.0, inplace=False)
                    (2): Linear(in_features=5120, out_features=1280, bias=True)
                  )
                )
                (attn2): MemoryEfficientCrossAttention(
                  (to_q): Linear(in_features=1280, out_features=1280, bias=False)
                  (to_k): Linear(in_features=768, out_features=1280, bias=False)
                  (to_v): Linear(in_features=768, out_features=1280, bias=False)
                  (to_out): Sequential(
                    (0): Linear(in_features=1280, out_features=1280, bias=True)
                    (1): Dropout(p=0.0, inplace=False)
                  )
                )
                (norm1): LayerNorm((1280,), eps=1e-05, elementwise_affine=True)
                (norm2): LayerNorm((1280,), eps=1e-05, elementwise_affine=True)
                (norm3): LayerNorm((1280,), eps=1e-05, elementwise_affine=True)
              )
            )
            (proj_out): Conv2d(1280, 1280, kernel_size=(1, 1), stride=(1, 1))
          )
        )
        (5): TimestepEmbedSequential(
          (0): ResBlock(
            (in_layers): Sequential(
              (0): GroupNorm32(32, 1920, eps=1e-05, affine=True)
              (1): SiLU()
              (2): Conv2d(1920, 1280, kernel_size=(3, 3), stride=(1, 1), padding=(1, 1))
            )
            (h_upd): Identity()
            (x_upd): Identity()
            (emb_layers): Sequential(
              (0): SiLU()
              (1): Linear(in_features=1280, out_features=1280, bias=True)
            )
            (out_layers): Sequential(
              (0): GroupNorm32(32, 1280, eps=1e-05, affine=True)
              (1): SiLU()
              (2): Dropout(p=0, inplace=False)
              (3): Conv2d(1280, 1280, kernel_size=(3, 3), stride=(1, 1), padding=(1, 1))
            )
            (skip_connection): Conv2d(1920, 1280, kernel_size=(1, 1), stride=(1, 1))
          )
          (1): SpatialTransformer(
            (norm): GroupNorm(32, 1280, eps=1e-06, affine=True)
            (proj_in): Conv2d(1280, 1280, kernel_size=(1, 1), stride=(1, 1))
            (transformer_blocks): ModuleList(
              (0): BasicTransformerBlock(
                (attn1): MemoryEfficientCrossAttention(
                  (to_q): Linear(in_features=1280, out_features=1280, bias=False)
                  (to_k): Linear(in_features=1280, out_features=1280, bias=False)
                  (to_v): Linear(in_features=1280, out_features=1280, bias=False)
                  (to_out): Sequential(
                    (0): Linear(in_features=1280, out_features=1280, bias=True)
                    (1): Dropout(p=0.0, inplace=False)
                  )
                )
                (ff): FeedForward(
                  (net): Sequential(
                    (0): GEGLU(
                      (proj): Linear(in_features=1280, out_features=10240, bias=True)
                    )
                    (1): Dropout(p=0.0, inplace=False)
                    (2): Linear(in_features=5120, out_features=1280, bias=True)
                  )
                )
                (attn2): MemoryEfficientCrossAttention(
                  (to_q): Linear(in_features=1280, out_features=1280, bias=False)
                  (to_k): Linear(in_features=768, out_features=1280, bias=False)
                  (to_v): Linear(in_features=768, out_features=1280, bias=False)
                  (to_out): Sequential(
                    (0): Linear(in_features=1280, out_features=1280, bias=True)
                    (1): Dropout(p=0.0, inplace=False)
                  )
                )
                (norm1): LayerNorm((1280,), eps=1e-05, elementwise_affine=True)
                (norm2): LayerNorm((1280,), eps=1e-05, elementwise_affine=True)
                (norm3): LayerNorm((1280,), eps=1e-05, elementwise_affine=True)
              )
            )
            (proj_out): Conv2d(1280, 1280, kernel_size=(1, 1), stride=(1, 1))
          )
          (2): Upsample(
            (conv): Conv2d(1280, 1280, kernel_size=(3, 3), stride=(1, 1), padding=(1, 1))
          )
        )
        (6): TimestepEmbedSequential(
          (0): ResBlock(
            (in_layers): Sequential(
              (0): GroupNorm32(32, 1920, eps=1e-05, affine=True)
              (1): SiLU()
              (2): Conv2d(1920, 640, kernel_size=(3, 3), stride=(1, 1), padding=(1, 1))
            )
            (h_upd): Identity()
            (x_upd): Identity()
            (emb_layers): Sequential(
              (0): SiLU()
              (1): Linear(in_features=1280, out_features=640, bias=True)
            )
            (out_layers): Sequential(
              (0): GroupNorm32(32, 640, eps=1e-05, affine=True)
              (1): SiLU()
              (2): Dropout(p=0, inplace=False)
              (3): Conv2d(640, 640, kernel_size=(3, 3), stride=(1, 1), padding=(1, 1))
            )
            (skip_connection): Conv2d(1920, 640, kernel_size=(1, 1), stride=(1, 1))
          )
          (1): SpatialTransformer(
            (norm): GroupNorm(32, 640, eps=1e-06, affine=True)
            (proj_in): Conv2d(640, 640, kernel_size=(1, 1), stride=(1, 1))
            (transformer_blocks): ModuleList(
              (0): BasicTransformerBlock(
                (attn1): MemoryEfficientCrossAttention(
                  (to_q): Linear(in_features=640, out_features=640, bias=False)
                  (to_k): Linear(in_features=640, out_features=640, bias=False)
                  (to_v): Linear(in_features=640, out_features=640, bias=False)
                  (to_out): Sequential(
                    (0): Linear(in_features=640, out_features=640, bias=True)
                    (1): Dropout(p=0.0, inplace=False)
                  )
                )
                (ff): FeedForward(
                  (net): Sequential(
                    (0): GEGLU(
                      (proj): Linear(in_features=640, out_features=5120, bias=True)
                    )
                    (1): Dropout(p=0.0, inplace=False)
                    (2): Linear(in_features=2560, out_features=640, bias=True)
                  )
                )
                (attn2): MemoryEfficientCrossAttention(
                  (to_q): Linear(in_features=640, out_features=640, bias=False)
                  (to_k): Linear(in_features=768, out_features=640, bias=False)
                  (to_v): Linear(in_features=768, out_features=640, bias=False)
                  (to_out): Sequential(
                    (0): Linear(in_features=640, out_features=640, bias=True)
                    (1): Dropout(p=0.0, inplace=False)
                  )
                )
                (norm1): LayerNorm((640,), eps=1e-05, elementwise_affine=True)
                (norm2): LayerNorm((640,), eps=1e-05, elementwise_affine=True)
                (norm3): LayerNorm((640,), eps=1e-05, elementwise_affine=True)
              )
            )
            (proj_out): Conv2d(640, 640, kernel_size=(1, 1), stride=(1, 1))
          )
        )
        (7): TimestepEmbedSequential(
          (0): ResBlock(
            (in_layers): Sequential(
              (0): GroupNorm32(32, 1280, eps=1e-05, affine=True)
              (1): SiLU()
              (2): Conv2d(1280, 640, kernel_size=(3, 3), stride=(1, 1), padding=(1, 1))
            )
            (h_upd): Identity()
            (x_upd): Identity()
            (emb_layers): Sequential(
              (0): SiLU()
              (1): Linear(in_features=1280, out_features=640, bias=True)
            )
            (out_layers): Sequential(
              (0): GroupNorm32(32, 640, eps=1e-05, affine=True)
              (1): SiLU()
              (2): Dropout(p=0, inplace=False)
              (3): Conv2d(640, 640, kernel_size=(3, 3), stride=(1, 1), padding=(1, 1))
            )
            (skip_connection): Conv2d(1280, 640, kernel_size=(1, 1), stride=(1, 1))
          )
          (1): SpatialTransformer(
            (norm): GroupNorm(32, 640, eps=1e-06, affine=True)
            (proj_in): Conv2d(640, 640, kernel_size=(1, 1), stride=(1, 1))
            (transformer_blocks): ModuleList(
              (0): BasicTransformerBlock(
                (attn1): MemoryEfficientCrossAttention(
                  (to_q): Linear(in_features=640, out_features=640, bias=False)
                  (to_k): Linear(in_features=640, out_features=640, bias=False)
                  (to_v): Linear(in_features=640, out_features=640, bias=False)
                  (to_out): Sequential(
                    (0): Linear(in_features=640, out_features=640, bias=True)
                    (1): Dropout(p=0.0, inplace=False)
                  )
                )
                (ff): FeedForward(
                  (net): Sequential(
                    (0): GEGLU(
                      (proj): Linear(in_features=640, out_features=5120, bias=True)
                    )
                    (1): Dropout(p=0.0, inplace=False)
                    (2): Linear(in_features=2560, out_features=640, bias=True)
                  )
                )
                (attn2): MemoryEfficientCrossAttention(
                  (to_q): Linear(in_features=640, out_features=640, bias=False)
                  (to_k): Linear(in_features=768, out_features=640, bias=False)
                  (to_v): Linear(in_features=768, out_features=640, bias=False)
                  (to_out): Sequential(
                    (0): Linear(in_features=640, out_features=640, bias=True)
                    (1): Dropout(p=0.0, inplace=False)
                  )
                )
                (norm1): LayerNorm((640,), eps=1e-05, elementwise_affine=True)
                (norm2): LayerNorm((640,), eps=1e-05, elementwise_affine=True)
                (norm3): LayerNorm((640,), eps=1e-05, elementwise_affine=True)
              )
            )
            (proj_out): Conv2d(640, 640, kernel_size=(1, 1), stride=(1, 1))
          )
        )
        (8): TimestepEmbedSequential(
          (0): ResBlock(
            (in_layers): Sequential(
              (0): GroupNorm32(32, 960, eps=1e-05, affine=True)
              (1): SiLU()
              (2): Conv2d(960, 640, kernel_size=(3, 3), stride=(1, 1), padding=(1, 1))
            )
            (h_upd): Identity()
            (x_upd): Identity()
            (emb_layers): Sequential(
              (0): SiLU()
              (1): Linear(in_features=1280, out_features=640, bias=True)
            )
            (out_layers): Sequential(
              (0): GroupNorm32(32, 640, eps=1e-05, affine=True)
              (1): SiLU()
              (2): Dropout(p=0, inplace=False)
              (3): Conv2d(640, 640, kernel_size=(3, 3), stride=(1, 1), padding=(1, 1))
            )
            (skip_connection): Conv2d(960, 640, kernel_size=(1, 1), stride=(1, 1))
          )
          (1): SpatialTransformer(
            (norm): GroupNorm(32, 640, eps=1e-06, affine=True)
            (proj_in): Conv2d(640, 640, kernel_size=(1, 1), stride=(1, 1))
            (transformer_blocks): ModuleList(
              (0): BasicTransformerBlock(
                (attn1): MemoryEfficientCrossAttention(
                  (to_q): Linear(in_features=640, out_features=640, bias=False)
                  (to_k): Linear(in_features=640, out_features=640, bias=False)
                  (to_v): Linear(in_features=640, out_features=640, bias=False)
                  (to_out): Sequential(
                    (0): Linear(in_features=640, out_features=640, bias=True)
                    (1): Dropout(p=0.0, inplace=False)
                  )
                )
                (ff): FeedForward(
                  (net): Sequential(
                    (0): GEGLU(
                      (proj): Linear(in_features=640, out_features=5120, bias=True)
                    )
                    (1): Dropout(p=0.0, inplace=False)
                    (2): Linear(in_features=2560, out_features=640, bias=True)
                  )
                )
                (attn2): MemoryEfficientCrossAttention(
                  (to_q): Linear(in_features=640, out_features=640, bias=False)
                  (to_k): Linear(in_features=768, out_features=640, bias=False)
                  (to_v): Linear(in_features=768, out_features=640, bias=False)
                  (to_out): Sequential(
                    (0): Linear(in_features=640, out_features=640, bias=True)
                    (1): Dropout(p=0.0, inplace=False)
                  )
                )
                (norm1): LayerNorm((640,), eps=1e-05, elementwise_affine=True)
                (norm2): LayerNorm((640,), eps=1e-05, elementwise_affine=True)
                (norm3): LayerNorm((640,), eps=1e-05, elementwise_affine=True)
              )
            )
            (proj_out): Conv2d(640, 640, kernel_size=(1, 1), stride=(1, 1))
          )
          (2): Upsample(
            (conv): Conv2d(640, 640, kernel_size=(3, 3), stride=(1, 1), padding=(1, 1))
          )
        )
        (9): TimestepEmbedSequential(
          (0): ResBlock(
            (in_layers): Sequential(
              (0): GroupNorm32(32, 960, eps=1e-05, affine=True)
              (1): SiLU()
              (2): Conv2d(960, 320, kernel_size=(3, 3), stride=(1, 1), padding=(1, 1))
            )
            (h_upd): Identity()
            (x_upd): Identity()
            (emb_layers): Sequential(
              (0): SiLU()
              (1): Linear(in_features=1280, out_features=320, bias=True)
            )
            (out_layers): Sequential(
              (0): GroupNorm32(32, 320, eps=1e-05, affine=True)
              (1): SiLU()
              (2): Dropout(p=0, inplace=False)
              (3): Conv2d(320, 320, kernel_size=(3, 3), stride=(1, 1), padding=(1, 1))
            )
            (skip_connection): Conv2d(960, 320, kernel_size=(1, 1), stride=(1, 1))
          )
          (1): SpatialTransformer(
            (norm): GroupNorm(32, 320, eps=1e-06, affine=True)
            (proj_in): Conv2d(320, 320, kernel_size=(1, 1), stride=(1, 1))
            (transformer_blocks): ModuleList(
              (0): BasicTransformerBlock(
                (attn1): MemoryEfficientCrossAttention(
                  (to_q): Linear(in_features=320, out_features=320, bias=False)
                  (to_k): Linear(in_features=320, out_features=320, bias=False)
                  (to_v): Linear(in_features=320, out_features=320, bias=False)
                  (to_out): Sequential(
                    (0): Linear(in_features=320, out_features=320, bias=True)
                    (1): Dropout(p=0.0, inplace=False)
                  )
                )
                (ff): FeedForward(
                  (net): Sequential(
                    (0): GEGLU(
                      (proj): Linear(in_features=320, out_features=2560, bias=True)
                    )
                    (1): Dropout(p=0.0, inplace=False)
                    (2): Linear(in_features=1280, out_features=320, bias=True)
                  )
                )
                (attn2): MemoryEfficientCrossAttention(
                  (to_q): Linear(in_features=320, out_features=320, bias=False)
                  (to_k): Linear(in_features=768, out_features=320, bias=False)
                  (to_v): Linear(in_features=768, out_features=320, bias=False)
                  (to_out): Sequential(
                    (0): Linear(in_features=320, out_features=320, bias=True)
                    (1): Dropout(p=0.0, inplace=False)
                  )
                )
                (norm1): LayerNorm((320,), eps=1e-05, elementwise_affine=True)
                (norm2): LayerNorm((320,), eps=1e-05, elementwise_affine=True)
                (norm3): LayerNorm((320,), eps=1e-05, elementwise_affine=True)
              )
            )
            (proj_out): Conv2d(320, 320, kernel_size=(1, 1), stride=(1, 1))
          )
        )
        (10-11): 2 x TimestepEmbedSequential(
          (0): ResBlock(
            (in_layers): Sequential(
              (0): GroupNorm32(32, 640, eps=1e-05, affine=True)
              (1): SiLU()
              (2): Conv2d(640, 320, kernel_size=(3, 3), stride=(1, 1), padding=(1, 1))
            )
            (h_upd): Identity()
            (x_upd): Identity()
            (emb_layers): Sequential(
              (0): SiLU()
              (1): Linear(in_features=1280, out_features=320, bias=True)
            )
            (out_layers): Sequential(
              (0): GroupNorm32(32, 320, eps=1e-05, affine=True)
              (1): SiLU()
              (2): Dropout(p=0, inplace=False)
              (3): Conv2d(320, 320, kernel_size=(3, 3), stride=(1, 1), padding=(1, 1))
            )
            (skip_connection): Conv2d(640, 320, kernel_size=(1, 1), stride=(1, 1))
          )
          (1): SpatialTransformer(
            (norm): GroupNorm(32, 320, eps=1e-06, affine=True)
            (proj_in): Conv2d(320, 320, kernel_size=(1, 1), stride=(1, 1))
            (transformer_blocks): ModuleList(
              (0): BasicTransformerBlock(
                (attn1): MemoryEfficientCrossAttention(
                  (to_q): Linear(in_features=320, out_features=320, bias=False)
                  (to_k): Linear(in_features=320, out_features=320, bias=False)
                  (to_v): Linear(in_features=320, out_features=320, bias=False)
                  (to_out): Sequential(
                    (0): Linear(in_features=320, out_features=320, bias=True)
                    (1): Dropout(p=0.0, inplace=False)
                  )
                )
                (ff): FeedForward(
                  (net): Sequential(
                    (0): GEGLU(
                      (proj): Linear(in_features=320, out_features=2560, bias=True)
                    )
                    (1): Dropout(p=0.0, inplace=False)
                    (2): Linear(in_features=1280, out_features=320, bias=True)
                  )
                )
                (attn2): MemoryEfficientCrossAttention(
                  (to_q): Linear(in_features=320, out_features=320, bias=False)
                  (to_k): Linear(in_features=768, out_features=320, bias=False)
                  (to_v): Linear(in_features=768, out_features=320, bias=False)
                  (to_out): Sequential(
                    (0): Linear(in_features=320, out_features=320, bias=True)
                    (1): Dropout(p=0.0, inplace=False)
                  )
                )
                (norm1): LayerNorm((320,), eps=1e-05, elementwise_affine=True)
                (norm2): LayerNorm((320,), eps=1e-05, elementwise_affine=True)
                (norm3): LayerNorm((320,), eps=1e-05, elementwise_affine=True)
              )
            )
            (proj_out): Conv2d(320, 320, kernel_size=(1, 1), stride=(1, 1))
          )
        )
      )
      (out): Sequential(
        (0): GroupNorm32(32, 320, eps=1e-05, affine=True)
        (1): SiLU()
        (2): Conv2d(320, 4, kernel_size=(3, 3), stride=(1, 1), padding=(1, 1))
      )
    )
  )
  (first_stage_model): AutoencoderKL(
    (encoder): Encoder(
      (conv_in): Conv2d(3, 128, kernel_size=(3, 3), stride=(1, 1), padding=(1, 1))
      (down): ModuleList(
        (0): Module(
          (block): ModuleList(
            (0-1): 2 x ResnetBlock(
              (norm1): GroupNorm(32, 128, eps=1e-06, affine=True)
              (conv1): Conv2d(128, 128, kernel_size=(3, 3), stride=(1, 1), padding=(1, 1))
              (norm2): GroupNorm(32, 128, eps=1e-06, affine=True)
              (dropout): Dropout(p=0.0, inplace=False)
              (conv2): Conv2d(128, 128, kernel_size=(3, 3), stride=(1, 1), padding=(1, 1))
            )
          )
          (attn): ModuleList()
          (downsample): Downsample(
            (conv): Conv2d(128, 128, kernel_size=(3, 3), stride=(2, 2))
          )
        )
        (1): Module(
          (block): ModuleList(
            (0): ResnetBlock(
              (norm1): GroupNorm(32, 128, eps=1e-06, affine=True)
              (conv1): Conv2d(128, 256, kernel_size=(3, 3), stride=(1, 1), padding=(1, 1))
              (norm2): GroupNorm(32, 256, eps=1e-06, affine=True)
              (dropout): Dropout(p=0.0, inplace=False)
              (conv2): Conv2d(256, 256, kernel_size=(3, 3), stride=(1, 1), padding=(1, 1))
              (nin_shortcut): Conv2d(128, 256, kernel_size=(1, 1), stride=(1, 1))
            )
            (1): ResnetBlock(
              (norm1): GroupNorm(32, 256, eps=1e-06, affine=True)
              (conv1): Conv2d(256, 256, kernel_size=(3, 3), stride=(1, 1), padding=(1, 1))
              (norm2): GroupNorm(32, 256, eps=1e-06, affine=True)
              (dropout): Dropout(p=0.0, inplace=False)
              (conv2): Conv2d(256, 256, kernel_size=(3, 3), stride=(1, 1), padding=(1, 1))
            )
          )
          (attn): ModuleList()
          (downsample): Downsample(
            (conv): Conv2d(256, 256, kernel_size=(3, 3), stride=(2, 2))
          )
        )
        (2): Module(
          (block): ModuleList(
            (0): ResnetBlock(
              (norm1): GroupNorm(32, 256, eps=1e-06, affine=True)
              (conv1): Conv2d(256, 512, kernel_size=(3, 3), stride=(1, 1), padding=(1, 1))
              (norm2): GroupNorm(32, 512, eps=1e-06, affine=True)
              (dropout): Dropout(p=0.0, inplace=False)
              (conv2): Conv2d(512, 512, kernel_size=(3, 3), stride=(1, 1), padding=(1, 1))
              (nin_shortcut): Conv2d(256, 512, kernel_size=(1, 1), stride=(1, 1))
            )
            (1): ResnetBlock(
              (norm1): GroupNorm(32, 512, eps=1e-06, affine=True)
              (conv1): Conv2d(512, 512, kernel_size=(3, 3), stride=(1, 1), padding=(1, 1))
              (norm2): GroupNorm(32, 512, eps=1e-06, affine=True)
              (dropout): Dropout(p=0.0, inplace=False)
              (conv2): Conv2d(512, 512, kernel_size=(3, 3), stride=(1, 1), padding=(1, 1))
            )
          )
          (attn): ModuleList()
          (downsample): Downsample(
            (conv): Conv2d(512, 512, kernel_size=(3, 3), stride=(2, 2))
          )
        )
        (3): Module(
          (block): ModuleList(
            (0-1): 2 x ResnetBlock(
              (norm1): GroupNorm(32, 512, eps=1e-06, affine=True)
              (conv1): Conv2d(512, 512, kernel_size=(3, 3), stride=(1, 1), padding=(1, 1))
              (norm2): GroupNorm(32, 512, eps=1e-06, affine=True)
              (dropout): Dropout(p=0.0, inplace=False)
              (conv2): Conv2d(512, 512, kernel_size=(3, 3), stride=(1, 1), padding=(1, 1))
            )
          )
          (attn): ModuleList()
        )
      )
      (mid): Module(
        (block_1): ResnetBlock(
          (norm1): GroupNorm(32, 512, eps=1e-06, affine=True)
          (conv1): Conv2d(512, 512, kernel_size=(3, 3), stride=(1, 1), padding=(1, 1))
          (norm2): GroupNorm(32, 512, eps=1e-06, affine=True)
          (dropout): Dropout(p=0.0, inplace=False)
          (conv2): Conv2d(512, 512, kernel_size=(3, 3), stride=(1, 1), padding=(1, 1))
        )
        (attn_1): MemoryEfficientAttnBlock(
          (norm): GroupNorm(32, 512, eps=1e-06, affine=True)
          (q): Conv2d(512, 512, kernel_size=(1, 1), stride=(1, 1))
          (k): Conv2d(512, 512, kernel_size=(1, 1), stride=(1, 1))
          (v): Conv2d(512, 512, kernel_size=(1, 1), stride=(1, 1))
          (proj_out): Conv2d(512, 512, kernel_size=(1, 1), stride=(1, 1))
        )
        (block_2): ResnetBlock(
          (norm1): GroupNorm(32, 512, eps=1e-06, affine=True)
          (conv1): Conv2d(512, 512, kernel_size=(3, 3), stride=(1, 1), padding=(1, 1))
          (norm2): GroupNorm(32, 512, eps=1e-06, affine=True)
          (dropout): Dropout(p=0.0, inplace=False)
          (conv2): Conv2d(512, 512, kernel_size=(3, 3), stride=(1, 1), padding=(1, 1))
        )
      )
      (norm_out): GroupNorm(32, 512, eps=1e-06, affine=True)
      (conv_out): Conv2d(512, 8, kernel_size=(3, 3), stride=(1, 1), padding=(1, 1))
    )
    (decoder): Decoder(
      (conv_in): Conv2d(4, 512, kernel_size=(3, 3), stride=(1, 1), padding=(1, 1))
      (mid): Module(
        (block_1): ResnetBlock(
          (norm1): GroupNorm(32, 512, eps=1e-06, affine=True)
          (conv1): Conv2d(512, 512, kernel_size=(3, 3), stride=(1, 1), padding=(1, 1))
          (norm2): GroupNorm(32, 512, eps=1e-06, affine=True)
          (dropout): Dropout(p=0.0, inplace=False)
          (conv2): Conv2d(512, 512, kernel_size=(3, 3), stride=(1, 1), padding=(1, 1))
        )
        (attn_1): MemoryEfficientAttnBlock(
          (norm): GroupNorm(32, 512, eps=1e-06, affine=True)
          (q): Conv2d(512, 512, kernel_size=(1, 1), stride=(1, 1))
          (k): Conv2d(512, 512, kernel_size=(1, 1), stride=(1, 1))
          (v): Conv2d(512, 512, kernel_size=(1, 1), stride=(1, 1))
          (proj_out): Conv2d(512, 512, kernel_size=(1, 1), stride=(1, 1))
        )
        (block_2): ResnetBlock(
          (norm1): GroupNorm(32, 512, eps=1e-06, affine=True)
          (conv1): Conv2d(512, 512, kernel_size=(3, 3), stride=(1, 1), padding=(1, 1))
          (norm2): GroupNorm(32, 512, eps=1e-06, affine=True)
          (dropout): Dropout(p=0.0, inplace=False)
          (conv2): Conv2d(512, 512, kernel_size=(3, 3), stride=(1, 1), padding=(1, 1))
        )
      )
      (up): ModuleList(
        (0): Module(
          (block): ModuleList(
            (0): ResnetBlock(
              (norm1): GroupNorm(32, 256, eps=1e-06, affine=True)
              (conv1): Conv2d(256, 128, kernel_size=(3, 3), stride=(1, 1), padding=(1, 1))
              (norm2): GroupNorm(32, 128, eps=1e-06, affine=True)
              (dropout): Dropout(p=0.0, inplace=False)
              (conv2): Conv2d(128, 128, kernel_size=(3, 3), stride=(1, 1), padding=(1, 1))
              (nin_shortcut): Conv2d(256, 128, kernel_size=(1, 1), stride=(1, 1))
            )
            (1-2): 2 x ResnetBlock(
              (norm1): GroupNorm(32, 128, eps=1e-06, affine=True)
              (conv1): Conv2d(128, 128, kernel_size=(3, 3), stride=(1, 1), padding=(1, 1))
              (norm2): GroupNorm(32, 128, eps=1e-06, affine=True)
              (dropout): Dropout(p=0.0, inplace=False)
              (conv2): Conv2d(128, 128, kernel_size=(3, 3), stride=(1, 1), padding=(1, 1))
            )
          )
          (attn): ModuleList()
        )
        (1): Module(
          (block): ModuleList(
            (0): ResnetBlock(
              (norm1): GroupNorm(32, 512, eps=1e-06, affine=True)
              (conv1): Conv2d(512, 256, kernel_size=(3, 3), stride=(1, 1), padding=(1, 1))
              (norm2): GroupNorm(32, 256, eps=1e-06, affine=True)
              (dropout): Dropout(p=0.0, inplace=False)
              (conv2): Conv2d(256, 256, kernel_size=(3, 3), stride=(1, 1), padding=(1, 1))
              (nin_shortcut): Conv2d(512, 256, kernel_size=(1, 1), stride=(1, 1))
            )
            (1-2): 2 x ResnetBlock(
              (norm1): GroupNorm(32, 256, eps=1e-06, affine=True)
              (conv1): Conv2d(256, 256, kernel_size=(3, 3), stride=(1, 1), padding=(1, 1))
              (norm2): GroupNorm(32, 256, eps=1e-06, affine=True)
              (dropout): Dropout(p=0.0, inplace=False)
              (conv2): Conv2d(256, 256, kernel_size=(3, 3), stride=(1, 1), padding=(1, 1))
            )
          )
          (attn): ModuleList()
          (upsample): Upsample(
            (conv): Conv2d(256, 256, kernel_size=(3, 3), stride=(1, 1), padding=(1, 1))
          )
        )
        (2-3): 2 x Module(
          (block): ModuleList(
            (0-2): 3 x ResnetBlock(
              (norm1): GroupNorm(32, 512, eps=1e-06, affine=True)
              (conv1): Conv2d(512, 512, kernel_size=(3, 3), stride=(1, 1), padding=(1, 1))
              (norm2): GroupNorm(32, 512, eps=1e-06, affine=True)
              (dropout): Dropout(p=0.0, inplace=False)
              (conv2): Conv2d(512, 512, kernel_size=(3, 3), stride=(1, 1), padding=(1, 1))
            )
          )
          (attn): ModuleList()
          (upsample): Upsample(
            (conv): Conv2d(512, 512, kernel_size=(3, 3), stride=(1, 1), padding=(1, 1))
          )
        )
      )
      (norm_out): GroupNorm(32, 128, eps=1e-06, affine=True)
      (conv_out): Conv2d(128, 3, kernel_size=(3, 3), stride=(1, 1), padding=(1, 1))
    )
    (loss): Identity()
    (quant_conv): Conv2d(8, 8, kernel_size=(1, 1), stride=(1, 1))
    (post_quant_conv): Conv2d(4, 4, kernel_size=(1, 1), stride=(1, 1))
  )
  (cond_stage_model): FrozenCLIPEmbedder(
    (transformer): CLIPTextModel(
      (text_model): CLIPTextTransformer(
        (embeddings): CLIPTextEmbeddings(
          (token_embedding): Embedding(49408, 768)
          (position_embedding): Embedding(77, 768)
        )
        (encoder): CLIPEncoder(
          (layers): ModuleList(
            (0-11): 12 x CLIPEncoderLayer(
              (self_attn): CLIPAttention(
                (k_proj): Linear(in_features=768, out_features=768, bias=True)
                (v_proj): Linear(in_features=768, out_features=768, bias=True)
                (q_proj): Linear(in_features=768, out_features=768, bias=True)
                (out_proj): Linear(in_features=768, out_features=768, bias=True)
              )
              (layer_norm1): LayerNorm((768,), eps=1e-05, elementwise_affine=True)
              (mlp): CLIPMLP(
                (activation_fn): QuickGELUActivation()
                (fc1): Linear(in_features=768, out_features=3072, bias=True)
                (fc2): Linear(in_features=3072, out_features=768, bias=True)
              )
              (layer_norm2): LayerNorm((768,), eps=1e-05, elementwise_affine=True)
            )
          )
        )
        (final_layer_norm): LayerNorm((768,), eps=1e-05, elementwise_affine=True)
      )
    )
  )
  (control_model): ControlNet(
    (time_embed): Sequential(
      (0): Linear(in_features=320, out_features=1280, bias=True)
      (1): SiLU()
      (2): Linear(in_features=1280, out_features=1280, bias=True)
    )
    (input_blocks): ModuleList(
      (0): TimestepEmbedSequential(
        (0): Conv2d(4, 320, kernel_size=(3, 3), stride=(1, 1), padding=(1, 1))
      )
      (1-2): 2 x TimestepEmbedSequential(
        (0): ResBlock(
          (in_layers): Sequential(
            (0): GroupNorm32(32, 320, eps=1e-05, affine=True)
            (1): SiLU()
            (2): Conv2d(320, 320, kernel_size=(3, 3), stride=(1, 1), padding=(1, 1))
          )
          (h_upd): Identity()
          (x_upd): Identity()
          (emb_layers): Sequential(
            (0): SiLU()
            (1): Linear(in_features=1280, out_features=320, bias=True)
          )
          (out_layers): Sequential(
            (0): GroupNorm32(32, 320, eps=1e-05, affine=True)
            (1): SiLU()
            (2): Dropout(p=0, inplace=False)
            (3): Conv2d(320, 320, kernel_size=(3, 3), stride=(1, 1), padding=(1, 1))
          )
          (skip_connection): Identity()
        )
        (1): SpatialTransformer(
          (norm): GroupNorm(32, 320, eps=1e-06, affine=True)
          (proj_in): Conv2d(320, 320, kernel_size=(1, 1), stride=(1, 1))
          (transformer_blocks): ModuleList(
            (0): BasicTransformerBlock(
              (attn1): MemoryEfficientCrossAttention(
                (to_q): Linear(in_features=320, out_features=320, bias=False)
                (to_k): Linear(in_features=320, out_features=320, bias=False)
                (to_v): Linear(in_features=320, out_features=320, bias=False)
                (to_out): Sequential(
                  (0): Linear(in_features=320, out_features=320, bias=True)
                  (1): Dropout(p=0.0, inplace=False)
                )
              )
              (ff): FeedForward(
                (net): Sequential(
                  (0): GEGLU(
                    (proj): Linear(in_features=320, out_features=2560, bias=True)
                  )
                  (1): Dropout(p=0.0, inplace=False)
                  (2): Linear(in_features=1280, out_features=320, bias=True)
                )
              )
              (attn2): MemoryEfficientCrossAttention(
                (to_q): Linear(in_features=320, out_features=320, bias=False)
                (to_k): Linear(in_features=768, out_features=320, bias=False)
                (to_v): Linear(in_features=768, out_features=320, bias=False)
                (to_out): Sequential(
                  (0): Linear(in_features=320, out_features=320, bias=True)
                  (1): Dropout(p=0.0, inplace=False)
                )
              )
              (norm1): LayerNorm((320,), eps=1e-05, elementwise_affine=True)
              (norm2): LayerNorm((320,), eps=1e-05, elementwise_affine=True)
              (norm3): LayerNorm((320,), eps=1e-05, elementwise_affine=True)
            )
          )
          (proj_out): Conv2d(320, 320, kernel_size=(1, 1), stride=(1, 1))
        )
      )
      (3): TimestepEmbedSequential(
        (0): Downsample(
          (op): Conv2d(320, 320, kernel_size=(3, 3), stride=(2, 2), padding=(1, 1))
        )
      )
      (4): TimestepEmbedSequential(
        (0): ResBlock(
          (in_layers): Sequential(
            (0): GroupNorm32(32, 320, eps=1e-05, affine=True)
            (1): SiLU()
            (2): Conv2d(320, 640, kernel_size=(3, 3), stride=(1, 1), padding=(1, 1))
          )
          (h_upd): Identity()
          (x_upd): Identity()
          (emb_layers): Sequential(
            (0): SiLU()
            (1): Linear(in_features=1280, out_features=640, bias=True)
          )
          (out_layers): Sequential(
            (0): GroupNorm32(32, 640, eps=1e-05, affine=True)
            (1): SiLU()
            (2): Dropout(p=0, inplace=False)
            (3): Conv2d(640, 640, kernel_size=(3, 3), stride=(1, 1), padding=(1, 1))
          )
          (skip_connection): Conv2d(320, 640, kernel_size=(1, 1), stride=(1, 1))
        )
        (1): SpatialTransformer(
          (norm): GroupNorm(32, 640, eps=1e-06, affine=True)
          (proj_in): Conv2d(640, 640, kernel_size=(1, 1), stride=(1, 1))
          (transformer_blocks): ModuleList(
            (0): BasicTransformerBlock(
              (attn1): MemoryEfficientCrossAttention(
                (to_q): Linear(in_features=640, out_features=640, bias=False)
                (to_k): Linear(in_features=640, out_features=640, bias=False)
                (to_v): Linear(in_features=640, out_features=640, bias=False)
                (to_out): Sequential(
                  (0): Linear(in_features=640, out_features=640, bias=True)
                  (1): Dropout(p=0.0, inplace=False)
                )
              )
              (ff): FeedForward(
                (net): Sequential(
                  (0): GEGLU(
                    (proj): Linear(in_features=640, out_features=5120, bias=True)
                  )
                  (1): Dropout(p=0.0, inplace=False)
                  (2): Linear(in_features=2560, out_features=640, bias=True)
                )
              )
              (attn2): MemoryEfficientCrossAttention(
                (to_q): Linear(in_features=640, out_features=640, bias=False)
                (to_k): Linear(in_features=768, out_features=640, bias=False)
                (to_v): Linear(in_features=768, out_features=640, bias=False)
                (to_out): Sequential(
                  (0): Linear(in_features=640, out_features=640, bias=True)
                  (1): Dropout(p=0.0, inplace=False)
                )
              )
              (norm1): LayerNorm((640,), eps=1e-05, elementwise_affine=True)
              (norm2): LayerNorm((640,), eps=1e-05, elementwise_affine=True)
              (norm3): LayerNorm((640,), eps=1e-05, elementwise_affine=True)
            )
          )
          (proj_out): Conv2d(640, 640, kernel_size=(1, 1), stride=(1, 1))
        )
      )
      (5): TimestepEmbedSequential(
        (0): ResBlock(
          (in_layers): Sequential(
            (0): GroupNorm32(32, 640, eps=1e-05, affine=True)
            (1): SiLU()
            (2): Conv2d(640, 640, kernel_size=(3, 3), stride=(1, 1), padding=(1, 1))
          )
          (h_upd): Identity()
          (x_upd): Identity()
          (emb_layers): Sequential(
            (0): SiLU()
            (1): Linear(in_features=1280, out_features=640, bias=True)
          )
          (out_layers): Sequential(
            (0): GroupNorm32(32, 640, eps=1e-05, affine=True)
            (1): SiLU()
            (2): Dropout(p=0, inplace=False)
            (3): Conv2d(640, 640, kernel_size=(3, 3), stride=(1, 1), padding=(1, 1))
          )
          (skip_connection): Identity()
        )
        (1): SpatialTransformer(
          (norm): GroupNorm(32, 640, eps=1e-06, affine=True)
          (proj_in): Conv2d(640, 640, kernel_size=(1, 1), stride=(1, 1))
          (transformer_blocks): ModuleList(
            (0): BasicTransformerBlock(
              (attn1): MemoryEfficientCrossAttention(
                (to_q): Linear(in_features=640, out_features=640, bias=False)
                (to_k): Linear(in_features=640, out_features=640, bias=False)
                (to_v): Linear(in_features=640, out_features=640, bias=False)
                (to_out): Sequential(
                  (0): Linear(in_features=640, out_features=640, bias=True)
                  (1): Dropout(p=0.0, inplace=False)
                )
              )
              (ff): FeedForward(
                (net): Sequential(
                  (0): GEGLU(
                    (proj): Linear(in_features=640, out_features=5120, bias=True)
                  )
                  (1): Dropout(p=0.0, inplace=False)
                  (2): Linear(in_features=2560, out_features=640, bias=True)
                )
              )
              (attn2): MemoryEfficientCrossAttention(
                (to_q): Linear(in_features=640, out_features=640, bias=False)
                (to_k): Linear(in_features=768, out_features=640, bias=False)
                (to_v): Linear(in_features=768, out_features=640, bias=False)
                (to_out): Sequential(
                  (0): Linear(in_features=640, out_features=640, bias=True)
                  (1): Dropout(p=0.0, inplace=False)
                )
              )
              (norm1): LayerNorm((640,), eps=1e-05, elementwise_affine=True)
              (norm2): LayerNorm((640,), eps=1e-05, elementwise_affine=True)
              (norm3): LayerNorm((640,), eps=1e-05, elementwise_affine=True)
            )
          )
          (proj_out): Conv2d(640, 640, kernel_size=(1, 1), stride=(1, 1))
        )
      )
      (6): TimestepEmbedSequential(
        (0): Downsample(
          (op): Conv2d(640, 640, kernel_size=(3, 3), stride=(2, 2), padding=(1, 1))
        )
      )
      (7): TimestepEmbedSequential(
        (0): ResBlock(
          (in_layers): Sequential(
            (0): GroupNorm32(32, 640, eps=1e-05, affine=True)
            (1): SiLU()
            (2): Conv2d(640, 1280, kernel_size=(3, 3), stride=(1, 1), padding=(1, 1))
          )
          (h_upd): Identity()
          (x_upd): Identity()
          (emb_layers): Sequential(
            (0): SiLU()
            (1): Linear(in_features=1280, out_features=1280, bias=True)
          )
          (out_layers): Sequential(
            (0): GroupNorm32(32, 1280, eps=1e-05, affine=True)
            (1): SiLU()
            (2): Dropout(p=0, inplace=False)
            (3): Conv2d(1280, 1280, kernel_size=(3, 3), stride=(1, 1), padding=(1, 1))
          )
          (skip_connection): Conv2d(640, 1280, kernel_size=(1, 1), stride=(1, 1))
        )
        (1): SpatialTransformer(
          (norm): GroupNorm(32, 1280, eps=1e-06, affine=True)
          (proj_in): Conv2d(1280, 1280, kernel_size=(1, 1), stride=(1, 1))
          (transformer_blocks): ModuleList(
            (0): BasicTransformerBlock(
              (attn1): MemoryEfficientCrossAttention(
                (to_q): Linear(in_features=1280, out_features=1280, bias=False)
                (to_k): Linear(in_features=1280, out_features=1280, bias=False)
                (to_v): Linear(in_features=1280, out_features=1280, bias=False)
                (to_out): Sequential(
                  (0): Linear(in_features=1280, out_features=1280, bias=True)
                  (1): Dropout(p=0.0, inplace=False)
                )
              )
              (ff): FeedForward(
                (net): Sequential(
                  (0): GEGLU(
                    (proj): Linear(in_features=1280, out_features=10240, bias=True)
                  )
                  (1): Dropout(p=0.0, inplace=False)
                  (2): Linear(in_features=5120, out_features=1280, bias=True)
                )
              )
              (attn2): MemoryEfficientCrossAttention(
                (to_q): Linear(in_features=1280, out_features=1280, bias=False)
                (to_k): Linear(in_features=768, out_features=1280, bias=False)
                (to_v): Linear(in_features=768, out_features=1280, bias=False)
                (to_out): Sequential(
                  (0): Linear(in_features=1280, out_features=1280, bias=True)
                  (1): Dropout(p=0.0, inplace=False)
                )
              )
              (norm1): LayerNorm((1280,), eps=1e-05, elementwise_affine=True)
              (norm2): LayerNorm((1280,), eps=1e-05, elementwise_affine=True)
              (norm3): LayerNorm((1280,), eps=1e-05, elementwise_affine=True)
            )
          )
          (proj_out): Conv2d(1280, 1280, kernel_size=(1, 1), stride=(1, 1))
        )
      )
      (8): TimestepEmbedSequential(
        (0): ResBlock(
          (in_layers): Sequential(
            (0): GroupNorm32(32, 1280, eps=1e-05, affine=True)
            (1): SiLU()
            (2): Conv2d(1280, 1280, kernel_size=(3, 3), stride=(1, 1), padding=(1, 1))
          )
          (h_upd): Identity()
          (x_upd): Identity()
          (emb_layers): Sequential(
            (0): SiLU()
            (1): Linear(in_features=1280, out_features=1280, bias=True)
          )
          (out_layers): Sequential(
            (0): GroupNorm32(32, 1280, eps=1e-05, affine=True)
            (1): SiLU()
            (2): Dropout(p=0, inplace=False)
            (3): Conv2d(1280, 1280, kernel_size=(3, 3), stride=(1, 1), padding=(1, 1))
          )
          (skip_connection): Identity()
        )
        (1): SpatialTransformer(
          (norm): GroupNorm(32, 1280, eps=1e-06, affine=True)
          (proj_in): Conv2d(1280, 1280, kernel_size=(1, 1), stride=(1, 1))
          (transformer_blocks): ModuleList(
            (0): BasicTransformerBlock(
              (attn1): MemoryEfficientCrossAttention(
                (to_q): Linear(in_features=1280, out_features=1280, bias=False)
                (to_k): Linear(in_features=1280, out_features=1280, bias=False)
                (to_v): Linear(in_features=1280, out_features=1280, bias=False)
                (to_out): Sequential(
                  (0): Linear(in_features=1280, out_features=1280, bias=True)
                  (1): Dropout(p=0.0, inplace=False)
                )
              )
              (ff): FeedForward(
                (net): Sequential(
                  (0): GEGLU(
                    (proj): Linear(in_features=1280, out_features=10240, bias=True)
                  )
                  (1): Dropout(p=0.0, inplace=False)
                  (2): Linear(in_features=5120, out_features=1280, bias=True)
                )
              )
              (attn2): MemoryEfficientCrossAttention(
                (to_q): Linear(in_features=1280, out_features=1280, bias=False)
                (to_k): Linear(in_features=768, out_features=1280, bias=False)
                (to_v): Linear(in_features=768, out_features=1280, bias=False)
                (to_out): Sequential(
                  (0): Linear(in_features=1280, out_features=1280, bias=True)
                  (1): Dropout(p=0.0, inplace=False)
                )
              )
              (norm1): LayerNorm((1280,), eps=1e-05, elementwise_affine=True)
              (norm2): LayerNorm((1280,), eps=1e-05, elementwise_affine=True)
              (norm3): LayerNorm((1280,), eps=1e-05, elementwise_affine=True)
            )
          )
          (proj_out): Conv2d(1280, 1280, kernel_size=(1, 1), stride=(1, 1))
        )
      )
      (9): TimestepEmbedSequential(
        (0): Downsample(
          (op): Conv2d(1280, 1280, kernel_size=(3, 3), stride=(2, 2), padding=(1, 1))
        )
      )
      (10-11): 2 x TimestepEmbedSequential(
        (0): ResBlock(
          (in_layers): Sequential(
            (0): GroupNorm32(32, 1280, eps=1e-05, affine=True)
            (1): SiLU()
            (2): Conv2d(1280, 1280, kernel_size=(3, 3), stride=(1, 1), padding=(1, 1))
          )
          (h_upd): Identity()
          (x_upd): Identity()
          (emb_layers): Sequential(
            (0): SiLU()
            (1): Linear(in_features=1280, out_features=1280, bias=True)
          )
          (out_layers): Sequential(
            (0): GroupNorm32(32, 1280, eps=1e-05, affine=True)
            (1): SiLU()
            (2): Dropout(p=0, inplace=False)
            (3): Conv2d(1280, 1280, kernel_size=(3, 3), stride=(1, 1), padding=(1, 1))
          )
          (skip_connection): Identity()
        )
      )
    )
    (zero_convs): ModuleList(
      (0-3): 4 x TimestepEmbedSequential(
        (0): Conv2d(320, 320, kernel_size=(1, 1), stride=(1, 1))
      )
      (4-6): 3 x TimestepEmbedSequential(
        (0): Conv2d(640, 640, kernel_size=(1, 1), stride=(1, 1))
      )
      (7-11): 5 x TimestepEmbedSequential(
        (0): Conv2d(1280, 1280, kernel_size=(1, 1), stride=(1, 1))
      )
    )
    (input_hint_block): TimestepEmbedSequential(
      (0): Conv2d(3, 16, kernel_size=(3, 3), stride=(1, 1), padding=(1, 1))
      (1): SiLU()
      (2): Conv2d(16, 16, kernel_size=(3, 3), stride=(1, 1), padding=(1, 1))
      (3): SiLU()
      (4): Conv2d(16, 32, kernel_size=(3, 3), stride=(2, 2), padding=(1, 1))
      (5): SiLU()
      (6): Conv2d(32, 32, kernel_size=(3, 3), stride=(1, 1), padding=(1, 1))
      (7): SiLU()
      (8): Conv2d(32, 96, kernel_size=(3, 3), stride=(2, 2), padding=(1, 1))
      (9): SiLU()
      (10): Conv2d(96, 96, kernel_size=(3, 3), stride=(1, 1), padding=(1, 1))
      (11): SiLU()
      (12): Conv2d(96, 256, kernel_size=(3, 3), stride=(2, 2), padding=(1, 1))
      (13): SiLU()
      (14): Conv2d(256, 320, kernel_size=(3, 3), stride=(1, 1), padding=(1, 1))
    )
    (middle_block): TimestepEmbedSequential(
      (0): ResBlock(
        (in_layers): Sequential(
          (0): GroupNorm32(32, 1280, eps=1e-05, affine=True)
          (1): SiLU()
          (2): Conv2d(1280, 1280, kernel_size=(3, 3), stride=(1, 1), padding=(1, 1))
        )
        (h_upd): Identity()
        (x_upd): Identity()
        (emb_layers): Sequential(
          (0): SiLU()
          (1): Linear(in_features=1280, out_features=1280, bias=True)
        )
        (out_layers): Sequential(
          (0): GroupNorm32(32, 1280, eps=1e-05, affine=True)
          (1): SiLU()
          (2): Dropout(p=0, inplace=False)
          (3): Conv2d(1280, 1280, kernel_size=(3, 3), stride=(1, 1), padding=(1, 1))
        )
        (skip_connection): Identity()
      )
      (1): SpatialTransformer(
        (norm): GroupNorm(32, 1280, eps=1e-06, affine=True)
        (proj_in): Conv2d(1280, 1280, kernel_size=(1, 1), stride=(1, 1))
        (transformer_blocks): ModuleList(
          (0): BasicTransformerBlock(
            (attn1): MemoryEfficientCrossAttention(
              (to_q): Linear(in_features=1280, out_features=1280, bias=False)
              (to_k): Linear(in_features=1280, out_features=1280, bias=False)
              (to_v): Linear(in_features=1280, out_features=1280, bias=False)
              (to_out): Sequential(
                (0): Linear(in_features=1280, out_features=1280, bias=True)
                (1): Dropout(p=0.0, inplace=False)
              )
            )
            (ff): FeedForward(
              (net): Sequential(
                (0): GEGLU(
                  (proj): Linear(in_features=1280, out_features=10240, bias=True)
                )
                (1): Dropout(p=0.0, inplace=False)
                (2): Linear(in_features=5120, out_features=1280, bias=True)
              )
            )
            (attn2): MemoryEfficientCrossAttention(
              (to_q): Linear(in_features=1280, out_features=1280, bias=False)
              (to_k): Linear(in_features=768, out_features=1280, bias=False)
              (to_v): Linear(in_features=768, out_features=1280, bias=False)
              (to_out): Sequential(
                (0): Linear(in_features=1280, out_features=1280, bias=True)
                (1): Dropout(p=0.0, inplace=False)
              )
            )
            (norm1): LayerNorm((1280,), eps=1e-05, elementwise_affine=True)
            (norm2): LayerNorm((1280,), eps=1e-05, elementwise_affine=True)
            (norm3): LayerNorm((1280,), eps=1e-05, elementwise_affine=True)
          )
        )
        (proj_out): Conv2d(1280, 1280, kernel_size=(1, 1), stride=(1, 1))
      )
      (2): ResBlock(
        (in_layers): Sequential(
          (0): GroupNorm32(32, 1280, eps=1e-05, affine=True)
          (1): SiLU()
          (2): Conv2d(1280, 1280, kernel_size=(3, 3), stride=(1, 1), padding=(1, 1))
        )
        (h_upd): Identity()
        (x_upd): Identity()
        (emb_layers): Sequential(
          (0): SiLU()
          (1): Linear(in_features=1280, out_features=1280, bias=True)
        )
        (out_layers): Sequential(
          (0): GroupNorm32(32, 1280, eps=1e-05, affine=True)
          (1): SiLU()
          (2): Dropout(p=0, inplace=False)
          (3): Conv2d(1280, 1280, kernel_size=(3, 3), stride=(1, 1), padding=(1, 1))
        )
        (skip_connection): Identity()
      )
    )
    (middle_block_out): TimestepEmbedSequential(
      (0): Conv2d(1280, 1280, kernel_size=(1, 1), stride=(1, 1))
    )
  )
)
